This file contains any messages produced by compilers while
running configure, to aid debugging if configure makes a mistake.

It was created by run_network configure 3.0, which was
generated by GNU Autoconf 2.69.  Invocation command line was

  $ ./configure --prefix=/home/brandon/BioNetGen-2.2.6-testing/ --disable-shared --no-create --no-recursion

## --------- ##
## Platform. ##
## --------- ##

hostname = bjanix
uname -m = x86_64
uname -r = 3.16.0-4-amd64
uname -s = Linux
uname -v = #1 SMP Debian 3.16.7-ckt7-1 (2015-03-01)

/usr/bin/uname -p = unknown
/bin/uname -X     = unknown

/bin/arch              = unknown
/usr/bin/arch -k       = unknown
/usr/convex/getsysinfo = unknown
/usr/bin/hostinfo      = unknown
/bin/machine           = unknown
/usr/bin/oslevel       = unknown
/bin/universe          = unknown

PATH: /usr/local/bin
PATH: /usr/bin
PATH: /bin
PATH: /usr/local/games
PATH: /usr/games
PATH: /usr/local/sbin
PATH: /usr/sbin
PATH: /sbin


## ----------- ##
## Core tests. ##
## ----------- ##

configure:2448: checking for a BSD-compatible install
configure:2516: result: /usr/bin/install -c
configure:2527: checking whether build environment is sane
configure:2582: result: yes
configure:2733: checking for a thread-safe mkdir -p
configure:2772: result: /bin/mkdir -p
configure:2779: checking for gawk
configure:2795: found /usr/bin/gawk
configure:2806: result: gawk
configure:2817: checking whether make sets $(MAKE)
configure:2839: result: yes
configure:2868: checking whether make supports nested variables
configure:2885: result: yes
configure:3029: checking for style of include used by make
configure:3057: result: GNU
configure:3128: checking for gcc
configure:3144: found /usr/bin/gcc
configure:3155: result: gcc
configure:3384: checking for C compiler version
configure:3393: gcc --version >&5
gcc (Debian 4.9.2-10) 4.9.2
Copyright (C) 2014 Free Software Foundation, Inc.
This is free software; see the source for copying conditions.  There is NO
warranty; not even for MERCHANTABILITY or FITNESS FOR A PARTICULAR PURPOSE.

configure:3404: $? = 0
configure:3393: gcc -v >&5
Using built-in specs.
COLLECT_GCC=gcc
COLLECT_LTO_WRAPPER=/usr/lib/gcc/x86_64-linux-gnu/4.9/lto-wrapper
Target: x86_64-linux-gnu
Configured with: ../src/configure -v --with-pkgversion='Debian 4.9.2-10' --with-bugurl=file:///usr/share/doc/gcc-4.9/README.Bugs --enable-languages=c,c++,java,go,d,fortran,objc,obj-c++ --prefix=/usr --program-suffix=-4.9 --enable-shared --enable-linker-build-id --libexecdir=/usr/lib --without-included-gettext --enable-threads=posix --with-gxx-include-dir=/usr/include/c++/4.9 --libdir=/usr/lib --enable-nls --with-sysroot=/ --enable-clocale=gnu --enable-libstdcxx-debug --enable-libstdcxx-time=yes --enable-gnu-unique-object --disable-vtable-verify --enable-plugin --with-system-zlib --disable-browser-plugin --enable-java-awt=gtk --enable-gtk-cairo --with-java-home=/usr/lib/jvm/java-1.5.0-gcj-4.9-amd64/jre --enable-java-home --with-jvm-root-dir=/usr/lib/jvm/java-1.5.0-gcj-4.9-amd64 --with-jvm-jar-dir=/usr/lib/jvm-exports/java-1.5.0-gcj-4.9-amd64 --with-arch-directory=amd64 --with-ecj-jar=/usr/share/java/eclipse-ecj.jar --enable-objc-gc --enable-multiarch --with-arch-32=i586 --with-abi=m64 --with-multilib-list=m32,m64,mx32 --enable-multilib --with-tune=generic --enable-checking=release --build=x86_64-linux-gnu --host=x86_64-linux-gnu --target=x86_64-linux-gnu
Thread model: posix
gcc version 4.9.2 (Debian 4.9.2-10) 
configure:3404: $? = 0
configure:3393: gcc -V >&5
gcc: error: unrecognized command line option '-V'
gcc: fatal error: no input files
compilation terminated.
configure:3404: $? = 4
configure:3393: gcc -qversion >&5
gcc: error: unrecognized command line option '-qversion'
gcc: fatal error: no input files
compilation terminated.
configure:3404: $? = 4
configure:3424: checking whether the C compiler works
configure:3446: gcc    conftest.c  >&5
configure:3450: $? = 0
configure:3498: result: yes
configure:3501: checking for C compiler default output file name
configure:3503: result: a.out
configure:3509: checking for suffix of executables
configure:3516: gcc -o conftest    conftest.c  >&5
configure:3520: $? = 0
configure:3542: result: 
configure:3564: checking whether we are cross compiling
configure:3572: gcc -o conftest    conftest.c  >&5
configure:3576: $? = 0
configure:3583: ./conftest
configure:3587: $? = 0
configure:3602: result: no
configure:3607: checking for suffix of object files
configure:3629: gcc -c   conftest.c >&5
configure:3633: $? = 0
configure:3654: result: o
configure:3658: checking whether we are using the GNU C compiler
configure:3677: gcc -c   conftest.c >&5
configure:3677: $? = 0
configure:3686: result: yes
configure:3695: checking whether gcc accepts -g
configure:3715: gcc -c -g  conftest.c >&5
configure:3715: $? = 0
configure:3756: result: yes
configure:3773: checking for gcc option to accept ISO C89
configure:3836: gcc  -c -g -O2  conftest.c >&5
configure:3836: $? = 0
configure:3849: result: none needed
configure:3874: checking whether gcc understands -c and -o together
configure:3896: gcc -c conftest.c -o conftest2.o
configure:3899: $? = 0
configure:3896: gcc -c conftest.c -o conftest2.o
configure:3899: $? = 0
configure:3911: result: yes
configure:3930: checking dependency style of gcc
configure:4041: result: gcc3
configure:4106: checking for ar
configure:4122: found /usr/bin/ar
configure:4133: result: ar
configure:4159: checking the archiver (ar) interface
configure:4175: gcc -c -g -O2  conftest.c >&5
configure:4175: $? = 0
configure:4177: ar cru libconftest.a conftest.o >&5
configure:4180: $? = 0
configure:4208: result: ar
configure:4259: checking build system type
configure:4273: result: x86_64-unknown-linux-gnu
configure:4293: checking host system type
configure:4306: result: x86_64-unknown-linux-gnu
configure:4347: checking how to print strings
configure:4374: result: printf
configure:4395: checking for a sed that does not truncate output
configure:4459: result: /bin/sed
configure:4477: checking for grep that handles long lines and -e
configure:4535: result: /bin/grep
configure:4540: checking for egrep
configure:4602: result: /bin/grep -E
configure:4607: checking for fgrep
configure:4669: result: /bin/grep -F
configure:4704: checking for ld used by gcc
configure:4771: result: /usr/bin/ld
configure:4778: checking if the linker (/usr/bin/ld) is GNU ld
configure:4793: result: yes
configure:4805: checking for BSD- or MS-compatible name lister (nm)
configure:4859: result: /usr/bin/nm -B
configure:4989: checking the name lister (/usr/bin/nm -B) interface
configure:4996: gcc -c -g -O2  conftest.c >&5
configure:4999: /usr/bin/nm -B "conftest.o"
configure:5002: output
0000000000000000 B some_variable
configure:5009: result: BSD nm
configure:5012: checking whether ln -s works
configure:5016: result: yes
configure:5024: checking the maximum length of command line arguments
configure:5155: result: 1572864
configure:5203: checking how to convert x86_64-unknown-linux-gnu file names to x86_64-unknown-linux-gnu format
configure:5243: result: func_convert_file_noop
configure:5250: checking how to convert x86_64-unknown-linux-gnu file names to toolchain format
configure:5270: result: func_convert_file_noop
configure:5277: checking for /usr/bin/ld option to reload object files
configure:5284: result: -r
configure:5358: checking for objdump
configure:5374: found /usr/bin/objdump
configure:5385: result: objdump
configure:5417: checking how to recognize dependent libraries
configure:5617: result: pass_all
configure:5702: checking for dlltool
configure:5732: result: no
configure:5762: checking how to associate runtime and link libraries
configure:5789: result: printf %s\n
configure:5913: checking for archiver @FILE support
configure:5930: gcc -c -g -O2  conftest.c >&5
configure:5930: $? = 0
configure:5933: ar cru libconftest.a @conftest.lst >&5
configure:5936: $? = 0
configure:5941: ar cru libconftest.a @conftest.lst >&5
ar: conftest.o: No such file or directory
configure:5944: $? = 1
configure:5956: result: @
configure:6014: checking for strip
configure:6030: found /usr/bin/strip
configure:6041: result: strip
configure:6113: checking for ranlib
configure:6129: found /usr/bin/ranlib
configure:6140: result: ranlib
configure:6242: checking command to parse /usr/bin/nm -B output from gcc object
configure:6395: gcc -c -g -O2  conftest.c >&5
configure:6398: $? = 0
configure:6402: /usr/bin/nm -B conftest.o \| sed -n -e 's/^.*[ ]\([ABCDGIRSTW][ABCDGIRSTW]*\)[ ][ ]*\([_A-Za-z][_A-Za-z0-9]*\)$/\1 \2 \2/p' | sed '/ __gnu_lto/d' \> conftest.nm
configure:6405: $? = 0
configure:6471: gcc -o conftest -g -O2   conftest.c conftstm.o >&5
configure:6474: $? = 0
configure:6512: result: ok
configure:6559: checking for sysroot
configure:6589: result: no
configure:6596: checking for a working dd
configure:6634: result: /bin/dd
configure:6638: checking how to truncate binary pipes
configure:6653: result: /bin/dd bs=4096 count=1
configure:6774: gcc -c -g -O2  conftest.c >&5
configure:6777: $? = 0
configure:6967: checking for mt
configure:6983: found /bin/mt
configure:6994: result: mt
configure:7017: checking if mt is a manifest tool
configure:7023: mt '-?'
configure:7031: result: no
configure:7673: checking how to run the C preprocessor
configure:7704: gcc -E  conftest.c
configure:7704: $? = 0
configure:7718: gcc -E  conftest.c
conftest.c:11:28: fatal error: ac_nonexistent.h: No such file or directory
 #include <ac_nonexistent.h>
                            ^
compilation terminated.
configure:7718: $? = 1
configure: failed program was:
| /* confdefs.h */
| #define PACKAGE_NAME "run_network"
| #define PACKAGE_TARNAME "run_network"
| #define PACKAGE_VERSION "3.0"
| #define PACKAGE_STRING "run_network 3.0"
| #define PACKAGE_BUGREPORT "bionetgen.help@gmail.com"
| #define PACKAGE_URL ""
| #define PACKAGE "run_network"
| #define VERSION "3.0"
| /* end confdefs.h.  */
| #include <ac_nonexistent.h>
configure:7743: result: gcc -E
configure:7763: gcc -E  conftest.c
configure:7763: $? = 0
configure:7777: gcc -E  conftest.c
conftest.c:11:28: fatal error: ac_nonexistent.h: No such file or directory
 #include <ac_nonexistent.h>
                            ^
compilation terminated.
configure:7777: $? = 1
configure: failed program was:
| /* confdefs.h */
| #define PACKAGE_NAME "run_network"
| #define PACKAGE_TARNAME "run_network"
| #define PACKAGE_VERSION "3.0"
| #define PACKAGE_STRING "run_network 3.0"
| #define PACKAGE_BUGREPORT "bionetgen.help@gmail.com"
| #define PACKAGE_URL ""
| #define PACKAGE "run_network"
| #define VERSION "3.0"
| /* end confdefs.h.  */
| #include <ac_nonexistent.h>
configure:7806: checking for ANSI C header files
configure:7826: gcc -c -g -O2  conftest.c >&5
configure:7826: $? = 0
configure:7899: gcc -o conftest -g -O2   conftest.c  >&5
configure:7899: $? = 0
configure:7899: ./conftest
configure:7899: $? = 0
configure:7910: result: yes
configure:7923: checking for sys/types.h
configure:7923: gcc -c -g -O2  conftest.c >&5
configure:7923: $? = 0
configure:7923: result: yes
configure:7923: checking for sys/stat.h
configure:7923: gcc -c -g -O2  conftest.c >&5
configure:7923: $? = 0
configure:7923: result: yes
configure:7923: checking for stdlib.h
configure:7923: gcc -c -g -O2  conftest.c >&5
configure:7923: $? = 0
configure:7923: result: yes
configure:7923: checking for string.h
configure:7923: gcc -c -g -O2  conftest.c >&5
configure:7923: $? = 0
configure:7923: result: yes
configure:7923: checking for memory.h
configure:7923: gcc -c -g -O2  conftest.c >&5
configure:7923: $? = 0
configure:7923: result: yes
configure:7923: checking for strings.h
configure:7923: gcc -c -g -O2  conftest.c >&5
configure:7923: $? = 0
configure:7923: result: yes
configure:7923: checking for inttypes.h
configure:7923: gcc -c -g -O2  conftest.c >&5
configure:7923: $? = 0
configure:7923: result: yes
configure:7923: checking for stdint.h
configure:7923: gcc -c -g -O2  conftest.c >&5
configure:7923: $? = 0
configure:7923: result: yes
configure:7923: checking for unistd.h
configure:7923: gcc -c -g -O2  conftest.c >&5
configure:7923: $? = 0
configure:7923: result: yes
configure:7937: checking for dlfcn.h
configure:7937: gcc -c -g -O2  conftest.c >&5
configure:7937: $? = 0
configure:7937: result: yes
configure:8193: checking for objdir
configure:8208: result: .libs
configure:8479: checking if gcc supports -fno-rtti -fno-exceptions
configure:8497: gcc -c -g -O2  -fno-rtti -fno-exceptions conftest.c >&5
cc1: warning: command line option '-fno-rtti' is valid for C++/ObjC++ but not for C
configure:8501: $? = 0
configure:8514: result: no
configure:8872: checking for gcc option to produce PIC
configure:8879: result: -fPIC -DPIC
configure:8887: checking if gcc PIC flag -fPIC -DPIC works
configure:8905: gcc -c -g -O2  -fPIC -DPIC -DPIC conftest.c >&5
configure:8909: $? = 0
configure:8922: result: yes
configure:8951: checking if gcc static flag -static works
configure:8979: result: yes
configure:8994: checking if gcc supports -c -o file.o
configure:9015: gcc -c -g -O2  -o out/conftest2.o conftest.c >&5
configure:9019: $? = 0
configure:9041: result: yes
configure:9049: checking if gcc supports -c -o file.o
configure:9096: result: yes
configure:9129: checking whether the gcc linker (/usr/bin/ld -m elf_x86_64) supports shared libraries
configure:10388: result: yes
configure:10628: checking dynamic linker characteristics
configure:11205: gcc -o conftest -g -O2   -Wl,-rpath -Wl,/foo conftest.c  >&5
configure:11205: $? = 0
configure:11437: result: GNU/Linux ld.so
configure:11544: checking how to hardcode library paths into programs
configure:11569: result: immediate
configure:12117: checking whether stripping libraries is possible
configure:12122: result: yes
configure:12157: checking if libtool supports shared libraries
configure:12159: result: yes
configure:12162: checking whether to build shared libraries
configure:12187: result: no
configure:12190: checking whether to build static libraries
configure:12194: result: yes
configure:12289: checking for g++
configure:12305: found /usr/bin/g++
configure:12316: result: g++
configure:12343: checking for C++ compiler version
configure:12352: g++ --version >&5
g++ (Debian 4.9.2-10) 4.9.2
Copyright (C) 2014 Free Software Foundation, Inc.
This is free software; see the source for copying conditions.  There is NO
warranty; not even for MERCHANTABILITY or FITNESS FOR A PARTICULAR PURPOSE.

configure:12363: $? = 0
configure:12352: g++ -v >&5
Using built-in specs.
COLLECT_GCC=g++
COLLECT_LTO_WRAPPER=/usr/lib/gcc/x86_64-linux-gnu/4.9/lto-wrapper
Target: x86_64-linux-gnu
Configured with: ../src/configure -v --with-pkgversion='Debian 4.9.2-10' --with-bugurl=file:///usr/share/doc/gcc-4.9/README.Bugs --enable-languages=c,c++,java,go,d,fortran,objc,obj-c++ --prefix=/usr --program-suffix=-4.9 --enable-shared --enable-linker-build-id --libexecdir=/usr/lib --without-included-gettext --enable-threads=posix --with-gxx-include-dir=/usr/include/c++/4.9 --libdir=/usr/lib --enable-nls --with-sysroot=/ --enable-clocale=gnu --enable-libstdcxx-debug --enable-libstdcxx-time=yes --enable-gnu-unique-object --disable-vtable-verify --enable-plugin --with-system-zlib --disable-browser-plugin --enable-java-awt=gtk --enable-gtk-cairo --with-java-home=/usr/lib/jvm/java-1.5.0-gcj-4.9-amd64/jre --enable-java-home --with-jvm-root-dir=/usr/lib/jvm/java-1.5.0-gcj-4.9-amd64 --with-jvm-jar-dir=/usr/lib/jvm-exports/java-1.5.0-gcj-4.9-amd64 --with-arch-directory=amd64 --with-ecj-jar=/usr/share/java/eclipse-ecj.jar --enable-objc-gc --enable-multiarch --with-arch-32=i586 --with-abi=m64 --with-multilib-list=m32,m64,mx32 --enable-multilib --with-tune=generic --enable-checking=release --build=x86_64-linux-gnu --host=x86_64-linux-gnu --target=x86_64-linux-gnu
Thread model: posix
gcc version 4.9.2 (Debian 4.9.2-10) 
configure:12363: $? = 0
configure:12352: g++ -V >&5
g++: error: unrecognized command line option '-V'
g++: fatal error: no input files
compilation terminated.
configure:12363: $? = 4
configure:12352: g++ -qversion >&5
g++: error: unrecognized command line option '-qversion'
g++: fatal error: no input files
compilation terminated.
configure:12363: $? = 4
configure:12367: checking whether we are using the GNU C++ compiler
configure:12386: g++ -c   conftest.cpp >&5
configure:12386: $? = 0
configure:12395: result: yes
configure:12404: checking whether g++ accepts -g
configure:12424: g++ -c -g  conftest.cpp >&5
configure:12424: $? = 0
configure:12465: result: yes
configure:12490: checking dependency style of g++
configure:12601: result: gcc3
configure:12634: checking how to run the C++ preprocessor
configure:12661: g++ -E  conftest.cpp
configure:12661: $? = 0
configure:12675: g++ -E  conftest.cpp
conftest.cpp:23:28: fatal error: ac_nonexistent.h: No such file or directory
 #include <ac_nonexistent.h>
                            ^
compilation terminated.
configure:12675: $? = 1
configure: failed program was:
| /* confdefs.h */
| #define PACKAGE_NAME "run_network"
| #define PACKAGE_TARNAME "run_network"
| #define PACKAGE_VERSION "3.0"
| #define PACKAGE_STRING "run_network 3.0"
| #define PACKAGE_BUGREPORT "bionetgen.help@gmail.com"
| #define PACKAGE_URL ""
| #define PACKAGE "run_network"
| #define VERSION "3.0"
| #define STDC_HEADERS 1
| #define HAVE_SYS_TYPES_H 1
| #define HAVE_SYS_STAT_H 1
| #define HAVE_STDLIB_H 1
| #define HAVE_STRING_H 1
| #define HAVE_MEMORY_H 1
| #define HAVE_STRINGS_H 1
| #define HAVE_INTTYPES_H 1
| #define HAVE_STDINT_H 1
| #define HAVE_UNISTD_H 1
| #define HAVE_DLFCN_H 1
| #define LT_OBJDIR ".libs/"
| /* end confdefs.h.  */
| #include <ac_nonexistent.h>
configure:12700: result: g++ -E
configure:12720: g++ -E  conftest.cpp
configure:12720: $? = 0
configure:12734: g++ -E  conftest.cpp
conftest.cpp:23:28: fatal error: ac_nonexistent.h: No such file or directory
 #include <ac_nonexistent.h>
                            ^
compilation terminated.
configure:12734: $? = 1
configure: failed program was:
| /* confdefs.h */
| #define PACKAGE_NAME "run_network"
| #define PACKAGE_TARNAME "run_network"
| #define PACKAGE_VERSION "3.0"
| #define PACKAGE_STRING "run_network 3.0"
| #define PACKAGE_BUGREPORT "bionetgen.help@gmail.com"
| #define PACKAGE_URL ""
| #define PACKAGE "run_network"
| #define VERSION "3.0"
| #define STDC_HEADERS 1
| #define HAVE_SYS_TYPES_H 1
| #define HAVE_SYS_STAT_H 1
| #define HAVE_STDLIB_H 1
| #define HAVE_STRING_H 1
| #define HAVE_MEMORY_H 1
| #define HAVE_STRINGS_H 1
| #define HAVE_INTTYPES_H 1
| #define HAVE_STDINT_H 1
| #define HAVE_UNISTD_H 1
| #define HAVE_DLFCN_H 1
| #define LT_OBJDIR ".libs/"
| /* end confdefs.h.  */
| #include <ac_nonexistent.h>
configure:12903: checking for ld used by g++
configure:12970: result: /usr/bin/ld -m elf_x86_64
configure:12977: checking if the linker (/usr/bin/ld -m elf_x86_64) is GNU ld
configure:12992: result: yes
configure:13047: checking whether the g++ linker (/usr/bin/ld -m elf_x86_64) supports shared libraries
configure:14120: result: yes
configure:14156: g++ -c -g -O2  conftest.cpp >&5
configure:14159: $? = 0
configure:14685: checking for g++ option to produce PIC
configure:14692: result: -fPIC -DPIC
configure:14700: checking if g++ PIC flag -fPIC -DPIC works
configure:14718: g++ -c -g -O2  -fPIC -DPIC -DPIC conftest.cpp >&5
configure:14722: $? = 0
configure:14735: result: yes
configure:14758: checking if g++ static flag -static works
configure:14786: result: yes
configure:14798: checking if g++ supports -c -o file.o
configure:14819: g++ -c -g -O2  -o out/conftest2.o conftest.cpp >&5
configure:14823: $? = 0
configure:14845: result: yes
configure:14850: checking if g++ supports -c -o file.o
configure:14897: result: yes
configure:14927: checking whether the g++ linker (/usr/bin/ld -m elf_x86_64) supports shared libraries
configure:14967: result: yes
configure:15108: checking dynamic linker characteristics
configure:15844: result: GNU/Linux ld.so
configure:15897: checking how to hardcode library paths into programs
configure:15922: result: immediate
configure:15966: checking for gawk
configure:15993: result: gawk
configure:16052: checking for gcc
configure:16079: result: gcc
configure:16308: checking for C compiler version
configure:16317: gcc --version >&5
gcc (Debian 4.9.2-10) 4.9.2
Copyright (C) 2014 Free Software Foundation, Inc.
This is free software; see the source for copying conditions.  There is NO
warranty; not even for MERCHANTABILITY or FITNESS FOR A PARTICULAR PURPOSE.

configure:16328: $? = 0
configure:16317: gcc -v >&5
Using built-in specs.
COLLECT_GCC=gcc
COLLECT_LTO_WRAPPER=/usr/lib/gcc/x86_64-linux-gnu/4.9/lto-wrapper
Target: x86_64-linux-gnu
Configured with: ../src/configure -v --with-pkgversion='Debian 4.9.2-10' --with-bugurl=file:///usr/share/doc/gcc-4.9/README.Bugs --enable-languages=c,c++,java,go,d,fortran,objc,obj-c++ --prefix=/usr --program-suffix=-4.9 --enable-shared --enable-linker-build-id --libexecdir=/usr/lib --without-included-gettext --enable-threads=posix --with-gxx-include-dir=/usr/include/c++/4.9 --libdir=/usr/lib --enable-nls --with-sysroot=/ --enable-clocale=gnu --enable-libstdcxx-debug --enable-libstdcxx-time=yes --enable-gnu-unique-object --disable-vtable-verify --enable-plugin --with-system-zlib --disable-browser-plugin --enable-java-awt=gtk --enable-gtk-cairo --with-java-home=/usr/lib/jvm/java-1.5.0-gcj-4.9-amd64/jre --enable-java-home --with-jvm-root-dir=/usr/lib/jvm/java-1.5.0-gcj-4.9-amd64 --with-jvm-jar-dir=/usr/lib/jvm-exports/java-1.5.0-gcj-4.9-amd64 --with-arch-directory=amd64 --with-ecj-jar=/usr/share/java/eclipse-ecj.jar --enable-objc-gc --enable-multiarch --with-arch-32=i586 --with-abi=m64 --with-multilib-list=m32,m64,mx32 --enable-multilib --with-tune=generic --enable-checking=release --build=x86_64-linux-gnu --host=x86_64-linux-gnu --target=x86_64-linux-gnu
Thread model: posix
gcc version 4.9.2 (Debian 4.9.2-10) 
configure:16328: $? = 0
configure:16317: gcc -V >&5
gcc: error: unrecognized command line option '-V'
gcc: fatal error: no input files
compilation terminated.
configure:16328: $? = 4
configure:16317: gcc -qversion >&5
gcc: error: unrecognized command line option '-qversion'
gcc: fatal error: no input files
compilation terminated.
configure:16328: $? = 4
configure:16332: checking whether we are using the GNU C compiler
configure:16360: result: yes
configure:16369: checking whether gcc accepts -g
configure:16430: result: yes
configure:16447: checking for gcc option to accept ISO C89
configure:16523: result: none needed
configure:16548: checking whether gcc understands -c and -o together
configure:16585: result: yes
configure:16604: checking dependency style of gcc
configure:16715: result: gcc3
configure:16735: checking how to run the C preprocessor
configure:16805: result: gcc -E
configure:16825: gcc -E  conftest.c
configure:16825: $? = 0
configure:16839: gcc -E  conftest.c
conftest.c:23:28: fatal error: ac_nonexistent.h: No such file or directory
 #include <ac_nonexistent.h>
                            ^
compilation terminated.
configure:16839: $? = 1
configure: failed program was:
| /* confdefs.h */
| #define PACKAGE_NAME "run_network"
| #define PACKAGE_TARNAME "run_network"
| #define PACKAGE_VERSION "3.0"
| #define PACKAGE_STRING "run_network 3.0"
| #define PACKAGE_BUGREPORT "bionetgen.help@gmail.com"
| #define PACKAGE_URL ""
| #define PACKAGE "run_network"
| #define VERSION "3.0"
| #define STDC_HEADERS 1
| #define HAVE_SYS_TYPES_H 1
| #define HAVE_SYS_STAT_H 1
| #define HAVE_STDLIB_H 1
| #define HAVE_STRING_H 1
| #define HAVE_MEMORY_H 1
| #define HAVE_STRINGS_H 1
| #define HAVE_INTTYPES_H 1
| #define HAVE_STDINT_H 1
| #define HAVE_UNISTD_H 1
| #define HAVE_DLFCN_H 1
| #define LT_OBJDIR ".libs/"
| /* end confdefs.h.  */
| #include <ac_nonexistent.h>
configure:16868: checking whether ln -s works
configure:16872: result: yes
configure:16879: checking whether make sets $(MAKE)
configure:16901: result: yes
configure:16918: checking limits.h usability
configure:16918: gcc -c -g -O2  conftest.c >&5
configure:16918: $? = 0
configure:16918: result: yes
configure:16918: checking limits.h presence
configure:16918: gcc -E  conftest.c
configure:16918: $? = 0
configure:16918: result: yes
configure:16918: checking for limits.h
configure:16918: result: yes
configure:16918: checking for stdlib.h
configure:16918: result: yes
configure:16918: checking for string.h
configure:16918: result: yes
configure:16918: checking for unistd.h
configure:16918: result: yes
configure:16930: checking for stdbool.h that conforms to C99
configure:16997: gcc -c -g -O2  conftest.c >&5
configure:16997: $? = 0
configure:17004: result: yes
configure:17006: checking for _Bool
configure:17006: gcc -c -g -O2  conftest.c >&5
configure:17006: $? = 0
configure:17006: gcc -c -g -O2  conftest.c >&5
conftest.c: In function 'main':
conftest.c:63:20: error: expected expression before ')' token
 if (sizeof ((_Bool)))
                    ^
configure:17006: $? = 1
configure: failed program was:
| /* confdefs.h */
| #define PACKAGE_NAME "run_network"
| #define PACKAGE_TARNAME "run_network"
| #define PACKAGE_VERSION "3.0"
| #define PACKAGE_STRING "run_network 3.0"
| #define PACKAGE_BUGREPORT "bionetgen.help@gmail.com"
| #define PACKAGE_URL ""
| #define PACKAGE "run_network"
| #define VERSION "3.0"
| #define STDC_HEADERS 1
| #define HAVE_SYS_TYPES_H 1
| #define HAVE_SYS_STAT_H 1
| #define HAVE_STDLIB_H 1
| #define HAVE_STRING_H 1
| #define HAVE_MEMORY_H 1
| #define HAVE_STRINGS_H 1
| #define HAVE_INTTYPES_H 1
| #define HAVE_STDINT_H 1
| #define HAVE_UNISTD_H 1
| #define HAVE_DLFCN_H 1
| #define LT_OBJDIR ".libs/"
| #define HAVE_LIMITS_H 1
| #define HAVE_STDLIB_H 1
| #define HAVE_STRING_H 1
| #define HAVE_UNISTD_H 1
| /* end confdefs.h.  */
| #include <stdio.h>
| #ifdef HAVE_SYS_TYPES_H
| # include <sys/types.h>
| #endif
| #ifdef HAVE_SYS_STAT_H
| # include <sys/stat.h>
| #endif
| #ifdef STDC_HEADERS
| # include <stdlib.h>
| # include <stddef.h>
| #else
| # ifdef HAVE_STDLIB_H
| #  include <stdlib.h>
| # endif
| #endif
| #ifdef HAVE_STRING_H
| # if !defined STDC_HEADERS && defined HAVE_MEMORY_H
| #  include <memory.h>
| # endif
| # include <string.h>
| #endif
| #ifdef HAVE_STRINGS_H
| # include <strings.h>
| #endif
| #ifdef HAVE_INTTYPES_H
| # include <inttypes.h>
| #endif
| #ifdef HAVE_STDINT_H
| # include <stdint.h>
| #endif
| #ifdef HAVE_UNISTD_H
| # include <unistd.h>
| #endif
| int
| main ()
| {
| if (sizeof ((_Bool)))
| 	    return 0;
|   ;
|   return 0;
| }
configure:17006: result: yes
configure:17023: checking for inline
configure:17039: gcc -c -g -O2  conftest.c >&5
configure:17039: $? = 0
configure:17047: result: inline
configure:17065: checking for size_t
configure:17065: gcc -c -g -O2  conftest.c >&5
configure:17065: $? = 0
configure:17065: gcc -c -g -O2  conftest.c >&5
conftest.c: In function 'main':
conftest.c:65:21: error: expected expression before ')' token
 if (sizeof ((size_t)))
                     ^
configure:17065: $? = 1
configure: failed program was:
| /* confdefs.h */
| #define PACKAGE_NAME "run_network"
| #define PACKAGE_TARNAME "run_network"
| #define PACKAGE_VERSION "3.0"
| #define PACKAGE_STRING "run_network 3.0"
| #define PACKAGE_BUGREPORT "bionetgen.help@gmail.com"
| #define PACKAGE_URL ""
| #define PACKAGE "run_network"
| #define VERSION "3.0"
| #define STDC_HEADERS 1
| #define HAVE_SYS_TYPES_H 1
| #define HAVE_SYS_STAT_H 1
| #define HAVE_STDLIB_H 1
| #define HAVE_STRING_H 1
| #define HAVE_MEMORY_H 1
| #define HAVE_STRINGS_H 1
| #define HAVE_INTTYPES_H 1
| #define HAVE_STDINT_H 1
| #define HAVE_UNISTD_H 1
| #define HAVE_DLFCN_H 1
| #define LT_OBJDIR ".libs/"
| #define HAVE_LIMITS_H 1
| #define HAVE_STDLIB_H 1
| #define HAVE_STRING_H 1
| #define HAVE_UNISTD_H 1
| #define HAVE__BOOL 1
| #define HAVE_STDBOOL_H 1
| /* end confdefs.h.  */
| #include <stdio.h>
| #ifdef HAVE_SYS_TYPES_H
| # include <sys/types.h>
| #endif
| #ifdef HAVE_SYS_STAT_H
| # include <sys/stat.h>
| #endif
| #ifdef STDC_HEADERS
| # include <stdlib.h>
| # include <stddef.h>
| #else
| # ifdef HAVE_STDLIB_H
| #  include <stdlib.h>
| # endif
| #endif
| #ifdef HAVE_STRING_H
| # if !defined STDC_HEADERS && defined HAVE_MEMORY_H
| #  include <memory.h>
| # endif
| # include <string.h>
| #endif
| #ifdef HAVE_STRINGS_H
| # include <strings.h>
| #endif
| #ifdef HAVE_INTTYPES_H
| # include <inttypes.h>
| #endif
| #ifdef HAVE_STDINT_H
| # include <stdint.h>
| #endif
| #ifdef HAVE_UNISTD_H
| # include <unistd.h>
| #endif
| int
| main ()
| {
| if (sizeof ((size_t)))
| 	    return 0;
|   ;
|   return 0;
| }
configure:17065: result: yes
configure:17080: checking for stdlib.h
configure:17080: result: yes
configure:17090: checking for GNU libc compatible malloc
configure:17114: gcc -o conftest -g -O2   conftest.c  >&5
configure:17114: $? = 0
configure:17114: ./conftest
configure:17114: $? = 0
configure:17124: result: yes
configure:17147: checking for stdlib.h
configure:17147: result: yes
configure:17157: checking for GNU libc compatible realloc
configure:17181: gcc -o conftest -g -O2   conftest.c  >&5
configure:17181: $? = 0
configure:17181: ./conftest
configure:17181: $? = 0
configure:17191: result: yes
configure:17215: checking for floor
configure:17215: gcc -o conftest -g -O2   conftest.c  >&5
conftest.c:56:6: warning: conflicting types for built-in function 'floor'
 char floor ();
      ^
/tmp/cckfm2FS.o: In function `main':
/home/brandon/BioNetGen-2.2.6-testing/Network3/conftest.c:67: undefined reference to `floor'
collect2: error: ld returned 1 exit status
configure:17215: $? = 1
configure: failed program was:
| /* confdefs.h */
| #define PACKAGE_NAME "run_network"
| #define PACKAGE_TARNAME "run_network"
| #define PACKAGE_VERSION "3.0"
| #define PACKAGE_STRING "run_network 3.0"
| #define PACKAGE_BUGREPORT "bionetgen.help@gmail.com"
| #define PACKAGE_URL ""
| #define PACKAGE "run_network"
| #define VERSION "3.0"
| #define STDC_HEADERS 1
| #define HAVE_SYS_TYPES_H 1
| #define HAVE_SYS_STAT_H 1
| #define HAVE_STDLIB_H 1
| #define HAVE_STRING_H 1
| #define HAVE_MEMORY_H 1
| #define HAVE_STRINGS_H 1
| #define HAVE_INTTYPES_H 1
| #define HAVE_STDINT_H 1
| #define HAVE_UNISTD_H 1
| #define HAVE_DLFCN_H 1
| #define LT_OBJDIR ".libs/"
| #define HAVE_LIMITS_H 1
| #define HAVE_STDLIB_H 1
| #define HAVE_STRING_H 1
| #define HAVE_UNISTD_H 1
| #define HAVE__BOOL 1
| #define HAVE_STDBOOL_H 1
| #define HAVE_STDLIB_H 1
| #define HAVE_MALLOC 1
| #define HAVE_STDLIB_H 1
| #define HAVE_REALLOC 1
| /* end confdefs.h.  */
| /* Define floor to an innocuous variant, in case <limits.h> declares floor.
|    For example, HP-UX 11i <limits.h> declares gettimeofday.  */
| #define floor innocuous_floor
| 
| /* System header to define __stub macros and hopefully few prototypes,
|     which can conflict with char floor (); below.
|     Prefer <limits.h> to <assert.h> if __STDC__ is defined, since
|     <limits.h> exists even on freestanding compilers.  */
| 
| #ifdef __STDC__
| # include <limits.h>
| #else
| # include <assert.h>
| #endif
| 
| #undef floor
| 
| /* Override any GCC internal prototype to avoid an error.
|    Use char because int might match the return type of a GCC
|    builtin and then its argument prototype would still apply.  */
| #ifdef __cplusplus
| extern "C"
| #endif
| char floor ();
| /* The GNU C library defines this for functions which it implements
|     to always fail with ENOSYS.  Some functions are actually named
|     something starting with __ and the normal name is an alias.  */
| #if defined __stub_floor || defined __stub___floor
| choke me
| #endif
| 
| int
| main ()
| {
| return floor ();
|   ;
|   return 0;
| }
configure:17215: result: no
configure:17215: checking for pow
configure:17215: gcc -o conftest -g -O2   conftest.c  >&5
conftest.c:56:6: warning: conflicting types for built-in function 'pow'
 char pow ();
      ^
/tmp/ccOhpX3X.o: In function `main':
/home/brandon/BioNetGen-2.2.6-testing/Network3/conftest.c:67: undefined reference to `pow'
collect2: error: ld returned 1 exit status
configure:17215: $? = 1
configure: failed program was:
| /* confdefs.h */
| #define PACKAGE_NAME "run_network"
| #define PACKAGE_TARNAME "run_network"
| #define PACKAGE_VERSION "3.0"
| #define PACKAGE_STRING "run_network 3.0"
| #define PACKAGE_BUGREPORT "bionetgen.help@gmail.com"
| #define PACKAGE_URL ""
| #define PACKAGE "run_network"
| #define VERSION "3.0"
| #define STDC_HEADERS 1
| #define HAVE_SYS_TYPES_H 1
| #define HAVE_SYS_STAT_H 1
| #define HAVE_STDLIB_H 1
| #define HAVE_STRING_H 1
| #define HAVE_MEMORY_H 1
| #define HAVE_STRINGS_H 1
| #define HAVE_INTTYPES_H 1
| #define HAVE_STDINT_H 1
| #define HAVE_UNISTD_H 1
| #define HAVE_DLFCN_H 1
| #define LT_OBJDIR ".libs/"
| #define HAVE_LIMITS_H 1
| #define HAVE_STDLIB_H 1
| #define HAVE_STRING_H 1
| #define HAVE_UNISTD_H 1
| #define HAVE__BOOL 1
| #define HAVE_STDBOOL_H 1
| #define HAVE_STDLIB_H 1
| #define HAVE_MALLOC 1
| #define HAVE_STDLIB_H 1
| #define HAVE_REALLOC 1
| /* end confdefs.h.  */
| /* Define pow to an innocuous variant, in case <limits.h> declares pow.
|    For example, HP-UX 11i <limits.h> declares gettimeofday.  */
| #define pow innocuous_pow
| 
| /* System header to define __stub macros and hopefully few prototypes,
|     which can conflict with char pow (); below.
|     Prefer <limits.h> to <assert.h> if __STDC__ is defined, since
|     <limits.h> exists even on freestanding compilers.  */
| 
| #ifdef __STDC__
| # include <limits.h>
| #else
| # include <assert.h>
| #endif
| 
| #undef pow
| 
| /* Override any GCC internal prototype to avoid an error.
|    Use char because int might match the return type of a GCC
|    builtin and then its argument prototype would still apply.  */
| #ifdef __cplusplus
| extern "C"
| #endif
| char pow ();
| /* The GNU C library defines this for functions which it implements
|     to always fail with ENOSYS.  Some functions are actually named
|     something starting with __ and the normal name is an alias.  */
| #if defined __stub_pow || defined __stub___pow
| choke me
| #endif
| 
| int
| main ()
| {
| return pow ();
|   ;
|   return 0;
| }
configure:17215: result: no
configure:17215: checking for rint
configure:17215: gcc -o conftest -g -O2   conftest.c  >&5
conftest.c:56:6: warning: conflicting types for built-in function 'rint'
 char rint ();
      ^
/tmp/cc7kAjj1.o: In function `main':
/home/brandon/BioNetGen-2.2.6-testing/Network3/conftest.c:67: undefined reference to `rint'
collect2: error: ld returned 1 exit status
configure:17215: $? = 1
configure: failed program was:
| /* confdefs.h */
| #define PACKAGE_NAME "run_network"
| #define PACKAGE_TARNAME "run_network"
| #define PACKAGE_VERSION "3.0"
| #define PACKAGE_STRING "run_network 3.0"
| #define PACKAGE_BUGREPORT "bionetgen.help@gmail.com"
| #define PACKAGE_URL ""
| #define PACKAGE "run_network"
| #define VERSION "3.0"
| #define STDC_HEADERS 1
| #define HAVE_SYS_TYPES_H 1
| #define HAVE_SYS_STAT_H 1
| #define HAVE_STDLIB_H 1
| #define HAVE_STRING_H 1
| #define HAVE_MEMORY_H 1
| #define HAVE_STRINGS_H 1
| #define HAVE_INTTYPES_H 1
| #define HAVE_STDINT_H 1
| #define HAVE_UNISTD_H 1
| #define HAVE_DLFCN_H 1
| #define LT_OBJDIR ".libs/"
| #define HAVE_LIMITS_H 1
| #define HAVE_STDLIB_H 1
| #define HAVE_STRING_H 1
| #define HAVE_UNISTD_H 1
| #define HAVE__BOOL 1
| #define HAVE_STDBOOL_H 1
| #define HAVE_STDLIB_H 1
| #define HAVE_MALLOC 1
| #define HAVE_STDLIB_H 1
| #define HAVE_REALLOC 1
| /* end confdefs.h.  */
| /* Define rint to an innocuous variant, in case <limits.h> declares rint.
|    For example, HP-UX 11i <limits.h> declares gettimeofday.  */
| #define rint innocuous_rint
| 
| /* System header to define __stub macros and hopefully few prototypes,
|     which can conflict with char rint (); below.
|     Prefer <limits.h> to <assert.h> if __STDC__ is defined, since
|     <limits.h> exists even on freestanding compilers.  */
| 
| #ifdef __STDC__
| # include <limits.h>
| #else
| # include <assert.h>
| #endif
| 
| #undef rint
| 
| /* Override any GCC internal prototype to avoid an error.
|    Use char because int might match the return type of a GCC
|    builtin and then its argument prototype would still apply.  */
| #ifdef __cplusplus
| extern "C"
| #endif
| char rint ();
| /* The GNU C library defines this for functions which it implements
|     to always fail with ENOSYS.  Some functions are actually named
|     something starting with __ and the normal name is an alias.  */
| #if defined __stub_rint || defined __stub___rint
| choke me
| #endif
| 
| int
| main ()
| {
| return rint ();
|   ;
|   return 0;
| }
configure:17215: result: no
configure:17215: checking for sqrt
configure:17215: gcc -o conftest -g -O2   conftest.c  >&5
conftest.c:56:6: warning: conflicting types for built-in function 'sqrt'
 char sqrt ();
      ^
/tmp/ccrAel81.o: In function `main':
/home/brandon/BioNetGen-2.2.6-testing/Network3/conftest.c:67: undefined reference to `sqrt'
collect2: error: ld returned 1 exit status
configure:17215: $? = 1
configure: failed program was:
| /* confdefs.h */
| #define PACKAGE_NAME "run_network"
| #define PACKAGE_TARNAME "run_network"
| #define PACKAGE_VERSION "3.0"
| #define PACKAGE_STRING "run_network 3.0"
| #define PACKAGE_BUGREPORT "bionetgen.help@gmail.com"
| #define PACKAGE_URL ""
| #define PACKAGE "run_network"
| #define VERSION "3.0"
| #define STDC_HEADERS 1
| #define HAVE_SYS_TYPES_H 1
| #define HAVE_SYS_STAT_H 1
| #define HAVE_STDLIB_H 1
| #define HAVE_STRING_H 1
| #define HAVE_MEMORY_H 1
| #define HAVE_STRINGS_H 1
| #define HAVE_INTTYPES_H 1
| #define HAVE_STDINT_H 1
| #define HAVE_UNISTD_H 1
| #define HAVE_DLFCN_H 1
| #define LT_OBJDIR ".libs/"
| #define HAVE_LIMITS_H 1
| #define HAVE_STDLIB_H 1
| #define HAVE_STRING_H 1
| #define HAVE_UNISTD_H 1
| #define HAVE__BOOL 1
| #define HAVE_STDBOOL_H 1
| #define HAVE_STDLIB_H 1
| #define HAVE_MALLOC 1
| #define HAVE_STDLIB_H 1
| #define HAVE_REALLOC 1
| /* end confdefs.h.  */
| /* Define sqrt to an innocuous variant, in case <limits.h> declares sqrt.
|    For example, HP-UX 11i <limits.h> declares gettimeofday.  */
| #define sqrt innocuous_sqrt
| 
| /* System header to define __stub macros and hopefully few prototypes,
|     which can conflict with char sqrt (); below.
|     Prefer <limits.h> to <assert.h> if __STDC__ is defined, since
|     <limits.h> exists even on freestanding compilers.  */
| 
| #ifdef __STDC__
| # include <limits.h>
| #else
| # include <assert.h>
| #endif
| 
| #undef sqrt
| 
| /* Override any GCC internal prototype to avoid an error.
|    Use char because int might match the return type of a GCC
|    builtin and then its argument prototype would still apply.  */
| #ifdef __cplusplus
| extern "C"
| #endif
| char sqrt ();
| /* The GNU C library defines this for functions which it implements
|     to always fail with ENOSYS.  Some functions are actually named
|     something starting with __ and the normal name is an alias.  */
| #if defined __stub_sqrt || defined __stub___sqrt
| choke me
| #endif
| 
| int
| main ()
| {
| return sqrt ();
|   ;
|   return 0;
| }
configure:17215: result: no
configure:17215: checking for strchr
configure:17215: gcc -o conftest -g -O2   conftest.c  >&5
conftest.c:56:6: warning: conflicting types for built-in function 'strchr'
 char strchr ();
      ^
configure:17215: $? = 0
configure:17215: result: yes
configure:17215: checking for strdup
configure:17215: gcc -o conftest -g -O2   conftest.c  >&5
conftest.c:57:6: warning: conflicting types for built-in function 'strdup'
 char strdup ();
      ^
configure:17215: $? = 0
configure:17215: result: yes
configure:17215: checking for strpbrk
configure:17215: gcc -o conftest -g -O2   conftest.c  >&5
conftest.c:58:6: warning: conflicting types for built-in function 'strpbrk'
 char strpbrk ();
      ^
configure:17215: $? = 0
configure:17215: result: yes
configure:17340: checking that generated files are newer than configure
configure:17346: result: done
configure:17377: creating ./config.status

## ---------------- ##
## Cache variables. ##
## ---------------- ##

ac_cv_build=x86_64-unknown-linux-gnu
ac_cv_c_compiler_gnu=yes
ac_cv_c_inline=inline
ac_cv_cxx_compiler_gnu=yes
ac_cv_env_CCC_set=
ac_cv_env_CCC_value=
ac_cv_env_CC_set=
ac_cv_env_CC_value=
ac_cv_env_CFLAGS_set=
ac_cv_env_CFLAGS_value=
ac_cv_env_CPPFLAGS_set=
ac_cv_env_CPPFLAGS_value=
ac_cv_env_CPP_set=
ac_cv_env_CPP_value=
ac_cv_env_CXXCPP_set=
ac_cv_env_CXXCPP_value=
ac_cv_env_CXXFLAGS_set=
ac_cv_env_CXXFLAGS_value=
ac_cv_env_CXX_set=
ac_cv_env_CXX_value=
ac_cv_env_LDFLAGS_set=
ac_cv_env_LDFLAGS_value=
ac_cv_env_LIBS_set=
ac_cv_env_LIBS_value=
ac_cv_env_build_alias_set=
ac_cv_env_build_alias_value=
ac_cv_env_host_alias_set=
ac_cv_env_host_alias_value=
ac_cv_env_target_alias_set=
ac_cv_env_target_alias_value=
ac_cv_func_floor=no
ac_cv_func_malloc_0_nonnull=yes
ac_cv_func_pow=no
ac_cv_func_realloc_0_nonnull=yes
ac_cv_func_rint=no
ac_cv_func_sqrt=no
ac_cv_func_strchr=yes
ac_cv_func_strdup=yes
ac_cv_func_strpbrk=yes
ac_cv_header_dlfcn_h=yes
ac_cv_header_inttypes_h=yes
ac_cv_header_limits_h=yes
ac_cv_header_memory_h=yes
ac_cv_header_stdbool_h=yes
ac_cv_header_stdc=yes
ac_cv_header_stdint_h=yes
ac_cv_header_stdlib_h=yes
ac_cv_header_string_h=yes
ac_cv_header_strings_h=yes
ac_cv_header_sys_stat_h=yes
ac_cv_header_sys_types_h=yes
ac_cv_header_unistd_h=yes
ac_cv_host=x86_64-unknown-linux-gnu
ac_cv_objext=o
ac_cv_path_EGREP='/bin/grep -E'
ac_cv_path_FGREP='/bin/grep -F'
ac_cv_path_GREP=/bin/grep
ac_cv_path_SED=/bin/sed
ac_cv_path_install='/usr/bin/install -c'
ac_cv_path_lt_DD=/bin/dd
ac_cv_path_mkdir=/bin/mkdir
ac_cv_prog_AWK=gawk
ac_cv_prog_CPP='gcc -E'
ac_cv_prog_CXXCPP='g++ -E'
ac_cv_prog_ac_ct_AR=ar
ac_cv_prog_ac_ct_CC=gcc
ac_cv_prog_ac_ct_CXX=g++
ac_cv_prog_ac_ct_MANIFEST_TOOL=mt
ac_cv_prog_ac_ct_OBJDUMP=objdump
ac_cv_prog_ac_ct_RANLIB=ranlib
ac_cv_prog_ac_ct_STRIP=strip
ac_cv_prog_cc_c89=
ac_cv_prog_cc_g=yes
ac_cv_prog_cxx_g=yes
ac_cv_prog_make_make_set=yes
ac_cv_type__Bool=yes
ac_cv_type_size_t=yes
am_cv_CC_dependencies_compiler_type=gcc3
am_cv_CXX_dependencies_compiler_type=gcc3
am_cv_ar_interface=ar
am_cv_make_support_nested_variables=yes
am_cv_prog_cc_c_o=yes
lt_cv_ar_at_file=@
lt_cv_deplibs_check_method=pass_all
lt_cv_file_magic_cmd='$MAGIC_CMD'
lt_cv_file_magic_test_file=
lt_cv_ld_reload_flag=-r
lt_cv_nm_interface='BSD nm'
lt_cv_objdir=.libs
lt_cv_path_LD=/usr/bin/ld
lt_cv_path_LDCXX='/usr/bin/ld -m elf_x86_64'
lt_cv_path_NM='/usr/bin/nm -B'
lt_cv_path_mainfest_tool=no
lt_cv_prog_compiler_c_o=yes
lt_cv_prog_compiler_c_o_CXX=yes
lt_cv_prog_compiler_pic='-fPIC -DPIC'
lt_cv_prog_compiler_pic_CXX='-fPIC -DPIC'
lt_cv_prog_compiler_pic_works=yes
lt_cv_prog_compiler_pic_works_CXX=yes
lt_cv_prog_compiler_rtti_exceptions=no
lt_cv_prog_compiler_static_works=yes
lt_cv_prog_compiler_static_works_CXX=yes
lt_cv_prog_gnu_ld=yes
lt_cv_prog_gnu_ldcxx=yes
lt_cv_sharedlib_from_linklib_cmd='printf %s\n'
lt_cv_shlibpath_overrides_runpath=no
lt_cv_sys_global_symbol_pipe='sed -n -e '\''s/^.*[	 ]\([ABCDGIRSTW][ABCDGIRSTW]*\)[	 ][	 ]*\([_A-Za-z][_A-Za-z0-9]*\)$/\1 \2 \2/p'\'' | sed '\''/ __gnu_lto/d'\'''
lt_cv_sys_global_symbol_to_c_name_address='sed -n -e '\''s/^: \(.*\) .*$/  {"\1", (void *) 0},/p'\'' -e '\''s/^[ABCDGIRSTW][ABCDGIRSTW]* .* \(.*\)$/  {"\1", (void *) \&\1},/p'\'''
lt_cv_sys_global_symbol_to_c_name_address_lib_prefix='sed -n -e '\''s/^: \(.*\) .*$/  {"\1", (void *) 0},/p'\'' -e '\''s/^[ABCDGIRSTW][ABCDGIRSTW]* .* \(lib.*\)$/  {"\1", (void *) \&\1},/p'\'' -e '\''s/^[ABCDGIRSTW][ABCDGIRSTW]* .* \(.*\)$/  {"lib\1", (void *) \&\1},/p'\'''
lt_cv_sys_global_symbol_to_cdecl='sed -n -e '\''s/^T .* \(.*\)$/extern int \1();/p'\'' -e '\''s/^[ABCDGIRSTW][ABCDGIRSTW]* .* \(.*\)$/extern char \1;/p'\'''
lt_cv_sys_global_symbol_to_import=
lt_cv_sys_max_cmd_len=1572864
lt_cv_to_host_file_cmd=func_convert_file_noop
lt_cv_to_tool_file_cmd=func_convert_file_noop
lt_cv_truncate_bin='/bin/dd bs=4096 count=1'

## ----------------- ##
## Output variables. ##
## ----------------- ##

ACLOCAL='${SHELL} /home/brandon/BioNetGen-2.2.6-testing/Network3/missing aclocal-1.15'
AMDEPBACKSLASH='\'
AMDEP_FALSE='#'
AMDEP_TRUE=''
AMTAR='$${TAR-tar}'
AM_BACKSLASH='\'
AM_DEFAULT_V='$(AM_DEFAULT_VERBOSITY)'
AM_DEFAULT_VERBOSITY='1'
AM_V='$(V)'
AR='ar'
AUTOCONF='${SHELL} /home/brandon/BioNetGen-2.2.6-testing/Network3/missing autoconf'
AUTOHEADER='${SHELL} /home/brandon/BioNetGen-2.2.6-testing/Network3/missing autoheader'
AUTOMAKE='${SHELL} /home/brandon/BioNetGen-2.2.6-testing/Network3/missing automake-1.15'
AWK='gawk'
CC='gcc'
CCDEPMODE='depmode=gcc3'
CFLAGS='-g -O2'
CPP='gcc -E'
CPPFLAGS=''
CXX='g++'
CXXCPP='g++ -E'
CXXDEPMODE='depmode=gcc3'
CXXFLAGS='-g -O2'
CYGPATH_W='echo'
DEFS='-DHAVE_CONFIG_H'
DEPDIR='.deps'
DLLTOOL='false'
DSYMUTIL=''
DUMPBIN=''
ECHO_C=''
ECHO_N='-n'
ECHO_T=''
EGREP='/bin/grep -E'
EXEEXT=''
FGREP='/bin/grep -F'
GREP='/bin/grep'
INSTALL_DATA='${INSTALL} -m 644'
INSTALL_PROGRAM='${INSTALL}'
INSTALL_SCRIPT='${INSTALL}'
INSTALL_STRIP_PROGRAM='$(install_sh) -c -s'
LD='/usr/bin/ld -m elf_x86_64'
LDFLAGS=''
LIBOBJS=''
LIBS=''
LIBTOOL='$(SHELL) $(top_builddir)/libtool'
LIPO=''
LN_S='ln -s'
LTLIBOBJS=''
MAKEINFO='${SHELL} /home/brandon/BioNetGen-2.2.6-testing/Network3/missing makeinfo'
MANIFEST_TOOL=':'
MKDIR_P='/bin/mkdir -p'
NM='/usr/bin/nm -B'
NMEDIT=''
OBJDUMP='objdump'
OBJEXT='o'
OTOOL64=''
OTOOL=''
PACKAGE='run_network'
PACKAGE_BUGREPORT='bionetgen.help@gmail.com'
PACKAGE_NAME='run_network'
PACKAGE_STRING='run_network 3.0'
PACKAGE_TARNAME='run_network'
PACKAGE_URL=''
PACKAGE_VERSION='3.0'
PATH_SEPARATOR=':'
RANLIB='ranlib'
SED='/bin/sed'
SET_MAKE=''
SHELL='/bin/bash'
STRIP='strip'
VERSION='3.0'
ac_ct_AR='ar'
ac_ct_CC='gcc'
ac_ct_CXX='g++'
ac_ct_DUMPBIN=''
am__EXEEXT_FALSE=''
am__EXEEXT_TRUE='#'
am__fastdepCC_FALSE='#'
am__fastdepCC_TRUE=''
am__fastdepCXX_FALSE='#'
am__fastdepCXX_TRUE=''
am__include='include'
am__isrc=''
am__leading_dot='.'
am__nodep='_no'
am__quote=''
am__tar='$${TAR-tar} chof - "$$tardir"'
am__untar='$${TAR-tar} xf -'
bindir='${exec_prefix}/bin'
build='x86_64-unknown-linux-gnu'
build_alias=''
build_cpu='x86_64'
build_os='linux-gnu'
build_vendor='unknown'
datadir='${datarootdir}'
datarootdir='${prefix}/share'
docdir='${datarootdir}/doc/${PACKAGE_TARNAME}'
dvidir='${docdir}'
exec_prefix='${prefix}'
host='x86_64-unknown-linux-gnu'
host_alias=''
host_cpu='x86_64'
host_os='linux-gnu'
host_vendor='unknown'
htmldir='${docdir}'
includedir='${prefix}/include'
infodir='${datarootdir}/info'
install_sh='${SHELL} /home/brandon/BioNetGen-2.2.6-testing/Network3/install-sh'
libdir='${exec_prefix}/lib'
libexecdir='${exec_prefix}/libexec'
localedir='${datarootdir}/locale'
localstatedir='${prefix}/var'
mandir='${datarootdir}/man'
mkdir_p='$(MKDIR_P)'
oldincludedir='/usr/include'
pdfdir='${docdir}'
prefix='/home/brandon/BioNetGen-2.2.6-testing'
program_transform_name='s,x,x,'
psdir='${docdir}'
sbindir='${exec_prefix}/sbin'
sharedstatedir='${prefix}/com'
subdirs=' cvode-2.6.0 muparser_v2_2_4'
sysconfdir='${prefix}/etc'
target_alias=''

## ----------- ##
## confdefs.h. ##
## ----------- ##

/* confdefs.h */
#define PACKAGE_NAME "run_network"
#define PACKAGE_TARNAME "run_network"
#define PACKAGE_VERSION "3.0"
#define PACKAGE_STRING "run_network 3.0"
#define PACKAGE_BUGREPORT "bionetgen.help@gmail.com"
#define PACKAGE_URL ""
#define PACKAGE "run_network"
#define VERSION "3.0"
#define STDC_HEADERS 1
#define HAVE_SYS_TYPES_H 1
#define HAVE_SYS_STAT_H 1
#define HAVE_STDLIB_H 1
#define HAVE_STRING_H 1
#define HAVE_MEMORY_H 1
#define HAVE_STRINGS_H 1
#define HAVE_INTTYPES_H 1
#define HAVE_STDINT_H 1
#define HAVE_UNISTD_H 1
#define HAVE_DLFCN_H 1
#define LT_OBJDIR ".libs/"
#define HAVE_LIMITS_H 1
#define HAVE_STDLIB_H 1
#define HAVE_STRING_H 1
#define HAVE_UNISTD_H 1
#define HAVE__BOOL 1
#define HAVE_STDBOOL_H 1
#define HAVE_STDLIB_H 1
#define HAVE_MALLOC 1
#define HAVE_STDLIB_H 1
#define HAVE_REALLOC 1
#define HAVE_STRCHR 1
#define HAVE_STRDUP 1
#define HAVE_STRPBRK 1

configure: exit 0

## ---------------------- ##
## Running config.status. ##
## ---------------------- ##

This file was extended by run_network config.status 3.0, which was
generated by GNU Autoconf 2.69.  Invocation command line was

  CONFIG_FILES    = 
  CONFIG_HEADERS  = 
  CONFIG_LINKS    = 
  CONFIG_COMMANDS = 
  $ ./config.status 

on bjanix

config.status:1159: creating Makefile
config.status:1159: creating src/Makefile
config.status:1159: creating config.h
config.status:1340: config.h is unchanged
config.status:1388: executing depfiles commands
config.status:1388: executing libtool commands

## ---------------------- ##
## Running config.status. ##
## ---------------------- ##

This file was extended by run_network config.status 3.0, which was
generated by GNU Autoconf 2.69.  Invocation command line was

  CONFIG_FILES    = 
  CONFIG_HEADERS  = 
  CONFIG_LINKS    = 
  CONFIG_COMMANDS = 
  $ ./config.status config.h

on bjanix

config.status:1159: creating config.h
config.status:1340: config.h is unchanged
